<?xml version="1.0" encoding="UTF-8"?>
<!-- Generated by org.testng.reporters.JUnitReportReporter -->
<testsuite skipped="0" hostname="192-168-1-117.tpgi.com.au" name="com.accesshq.tripplanner.tests.TripPlanningTests1" tests="1" failures="0" timestamp="10 Dec 2018 04:38:30 GMT" time="3.240" errors="0">
  <testcase name="TripPlan1" time="3.240" classname="com.accesshq.tripplanner.tests.TripPlanningTests1"/>
</testsuite> <!-- com.accesshq.tripplanner.tests.TripPlanningTests1 -->
