<?xml version="1.0" encoding="UTF-8"?>
<!-- Generated by org.testng.reporters.JUnitReportReporter -->
<testsuite skipped="0" hostname="192-168-1-117.tpgi.com.au" name="com.solution2.Trip2Tests.Trip2Tests" tests="1" failures="0" timestamp="10 Dec 2018 08:01:20 GMT" time="5.099" errors="0">
  <testcase name="TripPlan1" time="5.099" classname="com.solution2.Trip2Tests.Trip2Tests"/>
</testsuite> <!-- com.solution2.Trip2Tests.Trip2Tests -->
