<?xml version="1.0" encoding="UTF-8"?>
<!-- Generated by org.testng.reporters.JUnitReportReporter -->
<testsuite skipped="0" hostname="192-168-1-117.tpgi.com.au" name="solution1Tests.Trip1Tests" tests="3" failures="0" timestamp="10 Dec 2018 08:38:13 GMT" time="55.982" errors="0">
  <testcase name="Trip1Test" time="18.391" classname="solution1Tests.Trip1Tests"/>
  <testcase name="Trip1Test" time="17.751" classname="solution1Tests.Trip1Tests"/>
  <testcase name="Trip1Test" time="19.840" classname="solution1Tests.Trip1Tests"/>
</testsuite> <!-- solution1Tests.Trip1Tests -->
