<?xml version="1.0" encoding="UTF-8"?>
<!-- Generated by org.testng.reporters.JUnitReportReporter -->
<testsuite skipped="0" hostname="192-168-1-117.tpgi.com.au" name="com.solution1.Trip1Tests.Trip1Tests" tests="3" failures="0" timestamp="10 Dec 2018 08:12:36 GMT" time="80.648" errors="0">
  <testcase name="Trip1Test" time="26.824" classname="com.solution1.Trip1Tests.Trip1Tests"/>
  <testcase name="Trip1Test" time="27.556" classname="com.solution1.Trip1Tests.Trip1Tests"/>
  <testcase name="Trip1Test" time="26.268" classname="com.solution1.Trip1Tests.Trip1Tests"/>
</testsuite> <!-- com.solution1.Trip1Tests.Trip1Tests -->
