<?xml version="1.0" encoding="UTF-8"?>
<!-- Generated by org.testng.reporters.JUnitReportReporter -->
<testsuite skipped="0" hostname="192-168-1-117.tpgi.com.au" name="solution2tests.Trip2Tests" tests="1" failures="0" timestamp="10 Dec 2018 08:34:38 GMT" time="6.676" errors="0">
  <testcase name="TripPlan1" time="6.676" classname="solution2tests.Trip2Tests"/>
</testsuite> <!-- solution2tests.Trip2Tests -->
